2017-06-21 17:29:49 info : Text changed $FrmThongTinHocSinh$lcMain$cmbLop$ [Chọn lớp]
2017-06-21 17:29:49 info : Text changed $FrmThongTinHocSinh$lcMain$cmbQuanHuyen$ [Chọn quận huyện]
2017-06-21 17:29:49 info : Text changed $FrmThongTinHocSinh$lcMain$cmbPhuongXa$ [Chọn phường xã]
2017-06-29 21:08:04 info : Text changed $FrmSoThuTien$lcMain$cmbNam$ 2017
2017-06-29 21:08:06 info : Text changed $FrmSoThuTien$lcMain$cmbThang$ 6
2017-07-01 10:48:23 info : Text changed $FrmSoThuTien$lcMain$cmbNam$ 2017
2017-07-01 10:48:26 info : Text changed $FrmSoThuTien$lcMain$cmbThang$ 6
2017-07-03 13:00:22 info : Text changed $FrmSoThuTien$lcMain$cmbLop$ [Chọn lớp]
2017-07-03 13:00:26 info : Text changed $FrmSoThuTien$lcMain$cmbNam$ 2017
2017-07-03 13:00:28 info : Text changed $FrmSoThuTien$lcMain$cmbThang$ 6
2017-07-03 13:00:29 info : Text changed $FrmSoThuTien$lcMain$cmbLop$ 
2017-07-03 13:00:29 info : Text changed $FrmSoThuTien$lcMain$cmbLop$ Lớn 1
2017-07-03 16:37:18 info : Text changed $FrmSoThuTien$lcMain$cmbLop$ [Chọn lớp]
2017-07-03 16:37:21 info : Text changed $FrmSoThuTien$lcMain$cmbNam$ 2017
2017-07-03 16:37:23 info : Text changed $FrmSoThuTien$lcMain$cmbThang$ 6
2017-07-03 16:37:24 info : Text changed $FrmSoThuTien$lcMain$cmbLop$ 
2017-07-03 16:37:25 info : Text changed $FrmSoThuTien$lcMain$cmbLop$ Lớn 1
2017-07-04 08:35:02 info : Text changed $FrmSoThuTien$lcMain$cmbNam 2017
2017-07-04 08:35:08 info : Text changed $FrmSoThuTien$lcMain$cmbThang 6
2017-07-04 08:35:08 info : Text changed $FrmSoThuTien$lcMain$cmbThang 6
2017-07-04 08:35:11 info : Text changed $FrmSoThuTien$lcMain$cmbLop Lớn 1
2017-07-04 08:35:21 info : Text changed $FrmSoThuTien$lcMain$cmbThang 7
2017-07-04 08:35:21 info : Text changed $FrmSoThuTien$lcMain$cmbThang 7
2017-07-04 08:36:25 info : Text changed $FrmSoThuTien$lcMain$cmbLop Lớn 2
2017-07-04 08:36:27 info : Text changed $FrmSoThuTien$lcMain$cmbLop Lớn 1
2017-07-04 08:37:02 info : Text changed $FrmSoThuTien$lcMain$cmbLop Lớn 2
2017-07-04 08:37:30 info : Text changed $FrmSoThuTien$lcMain$cmbLop Nhỡ 1
2017-07-04 08:37:36 info : Text changed $FrmSoThuTien$lcMain$cmbLop Nhỡ 2
2017-07-04 08:38:41 info : Text changed $FrmSoThuTien$lcMain$cmbLop Bé 1
2017-07-04 08:38:57 info : Text changed $FrmSoThuTien$lcMain$cmbLop Bé 2
2017-07-04 08:40:02 info : Text changed $FrmSoThuTien$lcMain$cmbLop Trẻ 1
2017-07-04 08:40:22 info : Text changed $FrmSoThuTien$lcMain$cmbLop Trẻ 2
